[2025-06-04T08:07:35.620Z] [SYSTEM] 🚀 Moonshot Trader starting...
[2025-06-04T08:07:35.744Z] [SYSTEM] 🌐 Server listening on port 4000
[2025-06-04T08:07:36.832Z] [WATCHLIST] 📥 poohtoks | Age: 59s | MC: $107900 | Holders: 21 | 6hvXSzHaDSFh4HRkDoNJwBY88TKhtjYBGrbpVssjCa8e-graduated
[2025-06-04T08:07:36.834Z] [WATCHLIST] 📥 Takuya | Age: 15s | MC: $1600 | Holders: 2 | ECeo99JM3Su1wZEZ1Rpomu2STWhk7BsotVB6AGz6pump
[2025-06-04T08:07:36.836Z] [WATCHLIST] 📥 CYBO | Age: 5s | MC: $284 | Holders: 3 | BbPGr12vFDuUStBUnAvi8L9Xb1A2WQrPSraRdJ9Apump
[2025-06-04T08:07:36.837Z] [WATCHLIST] 📥 birb | Age: 4s | MC: $597 | Holders: 5 | CRfMCAbG8eQWuk3ZJ2UMw9mU7CkkzJWJqrPo7XjLpump
[2025-06-04T08:07:36.838Z] [WATCHLIST] 📥 PawRolana | Age: 4s | MC: $0 | Holders: 0 | 4jzcWyPceSRqEAtPPPghnVNvnZgyNDiQJacStptjpump
[2025-06-04T08:07:36.838Z] [WATCHLIST] 📥 Rumb | Age: 0s | MC: $405 | Holders: 1 | 94FTkeCWcXGbYyTrwRzxSiEouNqxMgLZ9HQXxBsUpump
[2025-06-04T08:07:36.839Z] [WATCHLIST] 📥 Ditology | Age: 18s | MC: $3600 | Holders: 86 | yocyYXh9tLn1ZA7cgyG9qo6i1bNJKr9NvWSX8Mqpump
[2025-06-04T08:07:36.840Z] [WATCHLIST] 📥 Ditosophy | Age: 12s | MC: $1400 | Holders: 2 | 3FWJbRF3ak5si82x9QvnEfx7uf9zTthwreKcaVU6pump
[2025-06-04T08:07:36.841Z] [WATCHLIST] 📥 SSL | Age: 9s | MC: $423 | Holders: 1 | A3M4Jj4Z4p16Nj3Rjy51YdtvnFdcw8DAW9aqoiampump
[2025-06-04T08:07:36.842Z] [WATCHLIST] 📥 GAYYGEON | Age: 9s | MC: $155 | Holders: 1 | 2jtDVcAxCNtvTRQgvtS8RuB7LtLi5csmKs5hEeQBpump
[2025-06-04T08:07:36.843Z] [WATCHLIST] 📥 afrog | Age: 5s | MC: $3100 | Holders: 14 | FEyMv6TsGn4whiRjCbK9DmeGEskjhp82vckLRzQT1D3N
[2025-06-04T08:07:36.843Z] [WATCHLIST] 📥 11 FLIPS | Age: 3s | MC: $625 | Holders: 2 | 4GAc9SE5wCHhnqGe5oSJnkihDok83AZUWRW2CzG4pump
[2025-06-04T08:07:36.844Z] [WATCHLIST] 📥 +1 | Age: 3s | MC: $325 | Holders: 2 | 2KLJV1CurL5b3skWA691h9EWwQbTbir4RzPrh4uKpump
[2025-06-04T08:07:36.845Z] [WATCHLIST] 📥 felipe | Age: 1s | MC: $388 | Holders: 2 | FHe1i8LQsMv4xVJynMMtcEmuemquwfEQaKA2TJWVpump
[2025-06-04T08:07:36.846Z] [WATCHLIST] 📥 Trencha | Age: 0s | MC: $433 | Holders: 2 | 3tYVJC8Lm28gigdbRE5xV8BZ3pHy3D4GNtfmP72cpump
[2025-06-04T08:07:36.848Z] [WATCHLIST] 📥 RAID | Age: 10s | MC: $434 | Holders: 3 | 6Uun181mkSSoFM6Js4uod5ZgQBwBXeVwMuBgPeHHpump
[2025-06-04T08:07:36.846Z] [WATCHLIST] 📥 PBRO | Age: 0s | MC: $291 | Holders: 4 | DtEan9bpjGJQofnk2LV81edtLvCiS1Z8D8JaaCMLpump
[2025-06-04T08:07:36.848Z] [WATCHLIST] 📥 ShroomFi | Age: 7s | MC: $313 | Holders: 0 | 2arwrD9zRyCGgyAh9pqgDfvGNSgYK3PGoY29MrVPpump
[2025-06-04T08:07:36.849Z] [WATCHLIST] 📥 WYNNCBLDST | Age: 6s | MC: $458 | Holders: 2 | 79wTjT5YLg4WvL4hRQRJk7ioreFWKzhN4NKqGracpump
[2025-06-04T08:07:36.852Z] [WATCHLIST] 📥 MOONER | Age: 6s | MC: $620 | Holders: 4 | F9dE81De8Bi7aqiUJoNNr9rXkd7aEM6byhjD7Tqzpump
[2025-06-04T08:07:36.853Z] [WATCHLIST] 📥 BONNIEBLUE | Age: 0s | MC: $567 | Holders: 6 | 599LeXsihp4bmksuwpyZ7xHMiChLqvGnh2HYsZ2mpump
[2025-06-04T08:07:36.854Z] [WATCHLIST] 📥 Toetip | Age: 32s | MC: $1900 | Holders: 4 | HJL7LLgPAp84mho1d6RyG1nFc5xYoqguhS4Y6z3kpump
[2025-06-04T08:07:36.854Z] [WATCHLIST] 📥 cato | Age: 30s | MC: $1900 | Holders: 7 | A6cq8CqfWhFWShViq4kSBu6yRHJoa6DrD9UAtmbBpump
[2025-06-04T08:07:36.855Z] [WATCHLIST] 📥 Asian | Age: 24s | MC: $1000 | Holders: 2 | DTMSPSPWsr3QHK5QRC7JjTa6ZbPWqtp4wasiRWDEpump
[2025-06-04T08:07:36.858Z] [WATCHLIST] 📥 Frognirvan | Age: 10s | MC: $313 | Holders: 0 | EBnPHqwv2QhfvbpyHToQek9CmRCNKVi1JRjWH8Bxpump
[2025-06-04T08:07:36.856Z] [WATCHLIST] 📥 MAGA | Age: 18s | MC: $3100 | Holders: 75 | yoMxg5qDSVC25VgnbD7hqfp1HxeyBka2NFH5o3Qpump
[2025-06-04T08:07:36.859Z] [WATCHLIST] 📥 b@ | Age: 18s | MC: $235 | Holders: 2 | 4yggP5TgDVDeBDRjVm8wafyjdo7rgg8vsuEYTMhspump
[2025-06-04T08:07:36.860Z] [WATCHLIST] 📥 GC | Age: 12s | MC: $420 | Holders: 3 | GDrGH2JwWtz6fh42z8SBBg1NXxv6TKCae4rQq1FHpump
[2025-06-04T08:07:36.861Z] [WATCHLIST] 📥 c a t | Age: 12s | MC: $1400 | Holders: 8 | AZYe4n3Khq58S8gASDc3d83EkAeBS9nK4tJVf4Wipump
[2025-06-04T08:07:36.860Z] [WATCHLIST] 📥 GALAU | Age: 18s | MC: $0 | Holders: 0 | HCpnr5TyWazs9RxNcmpR6K4HcPSniqVw9RNdbZcdyCNE
[2025-06-04T08:07:36.862Z] [WATCHLIST] 📥 BITCH | Age: 0s | MC: $614 | Holders: 11 | 7mLHjBVYE3Ne8Ukfsjjm22kToG7EtpH3qZYovzYJpump
[2025-06-04T08:07:36.863Z] [WATCHLIST] 📥 YEIY | Age: 20s | MC: $155 | Holders: 1 | FNUviGBKgYRN9J4Y2BDYdRdHDtM4jbLpKBZ1tFUSpump
[2025-06-04T08:07:36.864Z] [WATCHLIST] 📥 Pretend | Age: 7s | MC: $705 | Holders: 1 | 3ko3oUBz6HTb1fbRBc3nuXNC7eHSQnC8DpUDN5copump
[2025-06-04T08:07:36.865Z] [WATCHLIST] 📥 Despair | Age: 6s | MC: $696 | Holders: 2 | 89DM18i7DHo5SsnNXRsJsShp6zvfDwPKswVb9dkCpump
[2025-06-04T08:07:36.865Z] [WATCHLIST] 📥 Animenald | Age: 5s | MC: $1400 | Holders: 4 | 9FmnPHX3exm7zbjdWdGANr54gXZbgs3H24KcWEsPpump
[2025-06-04T08:07:36.866Z] [WATCHLIST] 📥 $just | Age: 5s | MC: $3 | Holders: 2 | 2hsDXxePTdm4SNUEexKxfr57bDPURFWjJ8cavHSnpump
[2025-06-04T08:07:36.867Z] [WATCHLIST] 📥 FIRE | Age: 18m | MC: $82900 | Holders: 258 | 9VmYg3zyxEHdKNYJ2sr4qjnrHGhJKDRtosdHVyKApump-aboutToGraduate
[2025-06-04T08:07:36.868Z] [WATCHLIST] 📥 PORT3 | Age: 30s | MC: $317 | Holders: 2 | Dx8QmkznetByMeEzsmQpT5Y65oyoaD3vWX3qYbnSpump
[2025-06-04T08:07:36.869Z] [WATCHLIST] 📥 fen | Age: 13s | MC: $2600 | Holders: 10 | HsGvLHR7S6uFPPazwxYsinRvpu2YkQ9grq5K5MFAwiFA
[2025-06-04T08:07:36.870Z] [WATCHLIST] 📥 TSKIN | Age: 7s | MC: $0 | Holders: 0 | DeTwp81WCL8DcWBiwVZah2i2KSKLQzxMvph6k9En7qby
[2025-06-04T08:07:36.871Z] [WATCHLIST] 📥 SOTDS | Age: 0s | MC: $544 | Holders: 5 | 4QdXDMKb7FZXQ2f1JeTUzYRueDq5LQaizahF96dipump
[2025-06-04T08:07:36.871Z] [WATCHLIST] 📥 CHADCULT | Age: 0s | MC: $401 | Holders: 4 | F3UzALYST1H8mZ8WHEZrAjX2VKezaKqDWwECoA32pump
[2025-06-04T08:07:36.872Z] [WATCHLIST] 📥 MWTF | Age: 18s | MC: $363 | Holders: 2 | HJnWamSVvaGbFrbsBoZp5AM5fcTvkp46LhiqD37Upump
[2025-06-04T08:07:36.873Z] [WATCHLIST] 📥 00:55-JUN4 | Age: 18s | MC: $331 | Holders: 1 | 974ebXwQ5crfZbY5oMfq6QNrqZ9r3oLgdLKhp4rJJP4m
[2025-06-04T08:07:36.874Z] [WATCHLIST] 📥 mark | Age: 15s | MC: $1700 | Holders: 4 | 3BomSCeHHaqEkieyoua3Gu1UWUFpki2M9sWAo3J14YxZ
[2025-06-04T08:07:36.875Z] [WATCHLIST] 📥 AIMEE | Age: 15s | MC: $0 | Holders: 0 | GkJCysGkFt84wf1KUhVXGBArR1NZMrt7B51DUc8GksCE
[2025-06-04T08:07:36.876Z] [WATCHLIST] 📥 Chaby | Age: 0s | MC: $299 | Holders: 1 | HqMTB8bfEvycrkyQm6PT7miHrBWRPP9YzLTXdzwApump
[2025-06-04T08:07:36.877Z] [WATCHLIST] 📥 FINGER | Age: 22s | MC: $1600 | Holders: 9 | Ahqfh4MrF3cFoUbv2zMRyos1FunmaUr5wvvmW7WWpump
[2025-06-04T08:07:36.878Z] [WATCHLIST] 📥 HOFS | Age: 16s | MC: $0 | Holders: 0 | GWKz7S2sgMLswQNyjMiaeH3scuzqHixheXbsnHvMLt6d
[2025-06-04T08:07:36.879Z] [WATCHLIST] 📥 chaos | Age: 15s | MC: $405 | Holders: 1 | BG4igu4zKeo57kvMJqyf36NK1su7R2TBtBQKiYphpump
[2025-06-04T08:07:36.880Z] [WATCHLIST] 📥 MKEY | Age: 14s | MC: $580 | Holders: 2 | EZVw3Wxcj64TQAEwtT6hUAR6gA4V1inCeX1Q4eF8pump
[2025-06-04T08:07:36.881Z] [WATCHLIST] 📥 cta | Age: 5s | MC: $622 | Holders: 5 | HzuXQkzSCMx5N94vfwoLHepgAYuevjyMUisTpUBbhSPP
[2025-06-04T08:07:36.882Z] [WATCHLIST] 📥 MoonSoda | Age: 7s | MC: $313 | Holders: 0 | 9rNP8ecoE4P6wDNS2auDGLV4pHvGXkDyXuEHjohBpump
[2025-06-04T08:07:36.883Z] [WATCHLIST] 📥 Schmuser | Age: 7s | MC: $1000 | Holders: 1 | 6RGxRfsWMoEXEKtUEd4MqnZFg1LAxFJoUxrQ7ywFpump
[2025-06-04T08:07:36.884Z] [WATCHLIST] 📥 BurgerKing | Age: 5s | MC: $533 | Holders: 1 | BGv1Ue5Q8uM1h4FJkbimyi33yQWWA22TaSkhbp5Tpump
[2025-06-04T08:07:36.885Z] [WATCHLIST] 📥 1KSOL | Age: 3s | MC: $247 | Holders: 2 | 2gxkB2GTQYrQ7kLYHC97mA3aJKkng8n2qbfrYuWtpump
[2025-06-04T08:07:36.886Z] [WATCHLIST] 📥 PPM | Age: 0s | MC: $201 | Holders: 1 | 5K2hqQZPF16EPeVT6KtqsFjmMm9d3MvYASWjf9bEpump
[2025-06-04T08:07:36.887Z] [WATCHLIST] 📥 KPCGRAPHS | Age: 16s | MC: $5 | Holders: 1 | AkuyPnDA392R9Qn5PLgPVdibkXM6eodYm9BWEtoVpump
[2025-06-04T08:07:36.888Z] [WATCHLIST] 📥 CB | Age: 16s | MC: $867 | Holders: 1 | FriPz1uNB9hW5SJT42meJZrWdtKE5p56a3naZmT3pump
[2025-06-04T08:07:36.889Z] [WATCHLIST] 📥 Ditology | Age: 15s | MC: $4500 | Holders: 15 | EfCPw8u9abHmyenKX1Mqsc55Kaa7oqYKY6GSxq8opump
[2025-06-04T08:07:36.891Z] [WATCHLIST] 📥 DCA | Age: 4s | MC: $770 | Holders: 5 | HpFZugL3p7Jg5unZ2qY5kbENPSpFwhnhh8dopiFupump
[2025-06-04T08:07:36.892Z] [WATCHLIST] 📥 Palmistry | Age: 0s | MC: $747 | Holders: 4 | 58QDjkrfoZ9UF9DdYfa7qAMsdNJNQivduLHoD3RNpump
[2025-06-04T08:07:36.893Z] [WATCHLIST] 📥 smartass | Age: 2h | MC: $4800 | Holders: 27 | CbiJEPD2M71ChenDiSocHQDyH8iokWbKK4CaFopvpump-aboutToGraduate
[2025-06-04T08:07:36.894Z] [WATCHLIST] 📥 finger | Age: 50s | MC: $1700 | Holders: 2 | 3Dt5umZT2uJZkbVRV6ovQXuM63jGZhg6JJVN4eG9pump
[2025-06-04T08:07:36.895Z] [WATCHLIST] 📥 NOCAT | Age: 28s | MC: $27 | Holders: 1 | 7Q8CyRFPHisqGvfQAJpvxD4sYcx93fQqWPMkDgRTpump
[2025-06-04T08:07:36.896Z] [WATCHLIST] 📥 Lagogo | Age: 11s | MC: $1100 | Holders: 4 | 7HgP3KCJzBPJQDSs2yKjidjRe8a4BvkJsJ387cWSpump
[2025-06-04T08:07:36.897Z] [WATCHLIST] 📥 bro | Age: 8s | MC: $852 | Holders: 3 | EA32A4WzvnXDbVJWhZGBFns7fqyTaJk8CnweLA45pump
[2025-06-04T08:07:36.898Z] [WATCHLIST] 📥 FROBBERY | Age: 5s | MC: $987 | Holders: 2 | BsykbaC92FXm3sNxUt9mxTP8B3tohidJJaF7GW39pump
[2025-06-04T08:07:36.899Z] [WATCHLIST] 📥 Just a Cat | Age: 1h | MC: $1000 | Holders: 1 | ESb7bwdaaBzxkSoycNCmUGA2w3AUj9iWdjBHuKFapump
[2025-06-04T08:07:36.900Z] [WATCHLIST] 📥 BEGGAR | Age: 1h | MC: $1300 | Holders: 2 | 9LzPHBiNrnwZxgn1Qa1Qr54gzprbA5tyw57JWKDspump
[2025-06-04T08:07:36.901Z] [WATCHLIST] 📥 DITA | Age: 1h | MC: $425700 | Holders: 50 | 3kEV6BQcnXVfnQSpo8ae8juuV9m17vhUkzamucEdpump
[2025-06-04T08:07:36.905Z] [WATCHLIST] 📥 DOG | Age: 1h | MC: $21300 | Holders: 19 | HB54n7kxNfrMFSvqa2yE8vY65oAUsd4qpYwVbwJopump
[2025-06-04T08:07:36.908Z] [WATCHLIST] 📥 shit | Age: 1h | MC: $14000 | Holders: 6 | Fw1XyhXeJaQxYTjscEm7QSPo6FvqojszQhVV9cC3pump
[2025-06-04T08:07:36.909Z] [WATCHLIST] 📥 TUFFDOG | Age: 14s | MC: $1200 | Holders: 2 | vG6J85XvnnfQhhriCroM6T9Kwj6J7F6u8WDyw9Vpump
[2025-06-04T08:07:36.910Z] [WATCHLIST] 📥 Jeetology | Age: 12s | MC: $720 | Holders: 6 | 5zXxW84Jm9rWX6ayLoHmTEbFb6Uv9sG9v9UPsiEMpump
[2025-06-04T08:07:36.911Z] [WATCHLIST] 📥 🖕 | Age: 4s | MC: $353 | Holders: 1 | A6sEsh4cjyMurXiJeg7vcFpTXm2pv4MKACbmdCBcpump
[2025-06-04T08:07:36.913Z] [WATCHLIST] 📥 MOOHAWK | Age: 0s | MC: $5000 | Holders: 21 | 8XFgkUMsdMzsYm5eqwVPaZMu8BhG6SuajECgvLiMpump
[2025-06-04T08:07:36.914Z] [WATCHLIST] 📥 Clauderoom | Age: 0s | MC: $374 | Holders: 2 | 8nEvKpi7QMpSSTUjti1PChR15pXo7P8skefktTtVpump
[2025-06-04T08:07:36.916Z] [WATCHLIST] 📥 PENIAPHOBE | Age: 56m | MC: $3.4 | Holders: 0 | GbhXoPdqxwFyN54HTd8x7NzSV5bYA3ETPUZyKn7kpump-graduated
[2025-06-04T08:07:36.918Z] [WATCHLIST] 📥 PIRATE | Age: 3d | MC: $15200 | Holders: 39 | AcCKiXsBF6WBT4RojUsEij4C2vubSqhH8cbxDa3Dpump-aboutToGraduate
[2025-06-04T08:07:36.919Z] [WATCHLIST] 📥 OMALLEY | Age: 7h | MC: $13600 | Holders: 78 | 3bmCTWTqxZ7iWsR6q16EeKBf8suFB9nzqo7jas3yS2yd-aboutToGraduate
[2025-06-04T08:07:36.921Z] [WATCHLIST] 📥 MOF | Age: 20s | MC: $1800 | Holders: 3 | 8aKVTzv42rG1W14XoZrw2EFpPqZFs1xbK9svQwhxpump
[2025-06-04T08:07:36.922Z] [WATCHLIST] 📥 ticket | Age: 16s | MC: $934 | Holders: 12 | 4KGXoEpoJsWEs77rSuu2M9RQZgfEuqrAeGqEFTF6pump
[2025-06-04T08:07:36.924Z] [WATCHLIST] 📥 Fapcoin | Age: 10s | MC: $1700 | Holders: 2 | FYWEGDMdtr5JWSE9W1oybA9MiunhJ4DR6iaEKNbVpump
[2025-06-04T08:07:36.926Z] [WATCHLIST] 📥 LTC | Age: 7s | MC: $341 | Holders: 1 | EitnjDggCFrQ7Lz3fUiqZBhZFenrYqZ64xcYJhacpump
[2025-06-04T08:07:36.927Z] [WATCHLIST] 📥 frnk | Age: 5s | MC: $761 | Holders: 5 | FovxR3Ywy2G8wK3cruQJ2YyiDbi9cXW2ZYuFzZmPpump
[2025-06-04T08:07:36.928Z] [WATCHLIST] 📥 Smile | Age: 26s | MC: $4900 | Holders: 30 | 4dp6DkCKimtQS26EpGzXbaruiAXaobBgnMu8W2vepump
[2025-06-04T08:07:36.930Z] [WATCHLIST] 📥 KIVK | Age: 14s | MC: $461 | Holders: 2 | 99mCNwbhsjk4upe2wMYA8xBc4XumJBZFUxAWg5Ccpump
[2025-06-04T08:07:36.931Z] [WATCHLIST] 📥 chat | Age: 10s | MC: $9500 | Holders: 3 | BswCYAuaPYv2Le7WgKAbnMujP57HyJ2ZciHMzMxGpump
[2025-06-04T08:07:36.932Z] [WATCHLIST] 📥 MISSION | Age: 10s | MC: $1500 | Holders: 9 | BqfJBZiQ76kWpNhUH8TyadYtd9Eu2zW7NYtMCrWNpump
[2025-06-04T08:07:36.933Z] [WATCHLIST] 📥 Baroque | Age: 5s | MC: $511 | Holders: 2 | AD6SBSjF5dxWjgiTyuKfZS47GyxRcoug6gnbm4DLpump
[2025-06-04T08:07:36.935Z] [WATCHLIST] 📥 Ahmed Doge | Age: 15s | MC: $326 | Holders: 2 | BTdNiiXBUifZDQRQFk9Huz55XHDHDdPvcXT1UPAypump
[2025-06-04T08:07:36.936Z] [WATCHLIST] 📥 CryptoCult | Age: 13s | MC: $527 | Holders: 2 | 396XbD7kcSS34JasxrnUfJpEQZnoGe1ax2EvdPpNpump
[2025-06-04T08:07:36.937Z] [WATCHLIST] 📥 DITA | Age: 11s | MC: $0 | Holders: 0 | GGc9SPrFMLQtQa2e2o5ik8mGgGQjvNr3x9sgJDXXYip9
[2025-06-04T08:07:36.939Z] [WATCHLIST] 📥 fingtler | Age: 5s | MC: $1100 | Holders: 6 | HKcngsA98zyNrUod7SmiH6spkRSAg1fEkx2R6iNSpump
[2025-06-04T08:07:36.941Z] [WATCHLIST] 📥 UPTIMISM | Age: 0s | MC: $706 | Holders: 4 | BJjdezWKwZnKsRjj45ocREYCK3AjemgxqB5Uqsnwpump
[2025-06-04T08:07:36.942Z] [WATCHLIST] 📥 DITOTRUMP | Age: 30s | MC: $639 | Holders: 1 | 9aRHB3Er4UqXDewu2BHUxRB75RxhgXVPpbegMorYpump
[2025-06-04T08:07:36.944Z] [WATCHLIST] 📥 USDS | Age: 29s | MC: $1600 | Holders: 6 | 68WPcC17JEGdrjQLXASBuXDLjiLPMc8xMow45Co5uhw6
[2025-06-04T08:07:36.945Z] [WATCHLIST] 📥 noofficial | Age: 23s | MC: $509 | Holders: 2 | 4wHCTqdsxpW8nPJJDcvf4YDG4tLiedcT1mVjMufdpump
[2025-06-04T08:07:36.947Z] [WATCHLIST] 📥 MAF | Age: 14s | MC: $754 | Holders: 4 | 2B3qx1rY5z9EkHH9MwmQWs1sZ7ibMA68P4Zx8xZmpump
[2025-06-04T08:08:36.813Z] [WATCHLIST] 📥 CHECKDEX | Age: 20s | MC: $0 | Holders: 0 | Ea59NGUdhFkXzXHQccdovD8PyDZ1oMabJbJyk1UvR5ND
[2025-06-04T08:08:36.816Z] [WATCHLIST] 📥 LDEVIL | Age: 16s | MC: $102 | Holders: 2 | BXHear4gX4sZ5YQNuA8m99Xprd1rrmhPaELyAfpjHxTE
[2025-06-04T08:08:36.817Z] [WATCHLIST] 📥 0x0 | Age: 12s | MC: $398 | Holders: 1 | 8v8DqA1DfU4R7N7rYp9rH3hDg9rxKvcBXSLn88ySpump
[2025-06-04T08:08:36.820Z] [WATCHLIST] 📥 IMT | Age: 10s | MC: $1900 | Holders: 12 | AB3wiRpvGAbo66Fqjnzo94EPmrKMTS6x3oWBaP9wpump
[2025-06-04T08:08:36.819Z] [WATCHLIST] 📥 twopac | Age: 11s | MC: $4200 | Holders: 7 | 2qZ67wr2TX7yesUNJNpodNPNbbbLQTysL1vAQfb7pump
[2025-06-04T08:09:36.797Z] [WATCHLIST] 📥 LEGUME | Age: 4s | MC: $202 | Holders: 2 | BHjc3PXtpu7pt6RaNcVr7i3ExoCLG6Wg5WD9Lc8nqydm
[2025-06-04T08:09:36.801Z] [WATCHLIST] 📥 POPBEAN | Age: 4s | MC: $595 | Holders: 5 | FhnugY3AfTXMuTY1N8b6W4TTFxuhWZNqMER49MSYpump
[2025-06-04T08:09:36.805Z] [WATCHLIST] 📥 VDD | Age: 1s | MC: $217 | Holders: 2 | 9JABaLxtUCj3uB7iqiMAdCuraARmbzBjKG65oArmpump
[2025-06-04T08:09:36.810Z] [WATCHLIST] 📥 THUMB | Age: 1s | MC: $1400 | Holders: 5 | DM8XH2BWPutZ9nRBQR8ean2uW6U5EuDhk2NXJycZpump
[2025-06-04T08:09:36.814Z] [WATCHLIST] 📥 DARIUS | Age: 0s | MC: $688 | Holders: 5 | 5ahZyyCwXgB7gTegm2fhsSZ3jz4cv8MKvrgQ7daapump
[2025-06-04T08:10:36.801Z] [WATCHLIST] 📥 IMS | Age: 13s | MC: $1200 | Holders: 2 | DFak8wnyBAaGUYdeCdCmBgkGDvvQfZPNjb9sMbzepump
[2025-06-04T08:10:36.803Z] [WATCHLIST] 📥 0.001 | Age: 12s | MC: $315 | Holders: 1 | 6kbP4FjBMeNquJy7x2Ez3Y3mbwSHWr7FggvAqFLFpump
[2025-06-04T08:10:36.807Z] [WATCHLIST] 📥 DARIUS | Age: 5s | MC: $1700 | Holders: 5 | ES8wLXMfTDjLwcVK3ADFZuPVHpGBrhEdAAAy7DmVpump
[2025-06-04T08:10:36.805Z] [WATCHLIST] 📥 CHECKDEX | Age: 11s | MC: $3 | Holders: 1 | CfGARr6KBMC4GaiqC3SMMStzzjV8VV4DepmfWqY81v9f
[2025-06-04T08:10:36.806Z] [WATCHLIST] 📥 Gukesh | Age: 8s | MC: $358 | Holders: 1 | ExZfEVF5aMS1tSXDR7KED2XJcSBXacP85wdQNqM3pump
[2025-06-04T08:11:36.837Z] [WATCHLIST] 📥 Dunkin | Age: 4s | MC: $11700 | Holders: 4 | 88R2H13mppEotuTZhXgTty7hLfSh2pe9CvF2nw9Kpump-graduated
[2025-06-04T08:11:36.842Z] [WATCHLIST] 📥 voice | Age: 3d | MC: $13300 | Holders: 119 | 5VA9x684FtXwFjZ7oqYuoh3dq1Fwt8K9X1JQTTg2pump-aboutToGraduate
[2025-06-04T08:11:36.858Z] [WATCHLIST] 📥 kissass | Age: 1s | MC: $473 | Holders: 2 | 5zYchorbX31JjwCyUMmhhLrkv5DgrpNMMbvqRrYNiiXs
[2025-06-04T08:11:36.846Z] [WATCHLIST] 📥 TREASON | Age: 13s | MC: $486 | Holders: 2 | 4sQDKETWXdE6RXaUBMbro6Y2vNze4wNRfArzbmgzpump
[2025-06-04T08:11:36.861Z] [WATCHLIST] 📥 WHITEY | Age: 0s | MC: $548 | Holders: 2 | 7ZaqU6cQmWwd89b9KY7UZFN6rqtUEHZZV582NDJYpump
[2025-06-04T08:11:36.850Z] [WATCHLIST] 📥 trunks | Age: 7s | MC: $399 | Holders: 1 | Gd2ozqr9PrkGD6W9XNA6wtfb4AWq2fMrHfgj9siTpump
[2025-06-04T08:11:36.854Z] [WATCHLIST] 📥 Kit | Age: 1s | MC: $356 | Holders: 2 | 4Fdi3BouK3K59pKxJNEDgKeXm5QEsYA1BELNdHe3pump
[2025-06-04T08:12:36.823Z] [WATCHLIST] 📥 NomadNeko | Age: 15s | MC: $331 | Holders: 1 | J7S7eW8kpA5mJk8czYbknXBymnSMvLoHRaxNPQS5pump
[2025-06-04T08:12:36.825Z] [WATCHLIST] 📥 Maru | Age: 13s | MC: $925 | Holders: 6 | FKmv2yu3WTf2qKRk8Mj5VWgrUPZcNcrfaFZ16RT9pump
[2025-06-04T08:12:36.826Z] [WATCHLIST] 📥 Taki | Age: 11s | MC: $1300 | Holders: 3 | CNKsygD7V2wp6gguhJpo6DPRSFxqBTpaTyR9kTACpump
[2025-06-04T08:12:36.828Z] [WATCHLIST] 📥 sex | Age: 7s | MC: $911 | Holders: 4 | F51g739ha8Utf9QkstnTsuMcJZhDngb8KPrawREWpump
[2025-06-04T08:12:36.829Z] [WATCHLIST] 📥 CCRY | Age: 0s | MC: $0 | Holders: 0 | Bx3DA9WdyW7ufWJ5bKaZac6Q5RdrzBrA5BTwMLTpWR6w
[2025-06-04T08:13:36.834Z] [WATCHLIST] 📥 RCB | Age: 30s | MC: $249 | Holders: 2 | 7bnc8EhcQHmmZrVVMPLgiUPpsXQQEE8rWUMFB554pump
[2025-06-04T08:13:36.838Z] [WATCHLIST] 📥 HERP | Age: 21s | MC: $46 | Holders: 1 | AkQ293SmGgkziYFhJ12UBYMcEHQe65HVK6wKSXRUMf3p
[2025-06-04T08:13:36.842Z] [WATCHLIST] 📥 LaserDuck | Age: 11s | MC: $331 | Holders: 1 | AVG9cPpjRRHNSXBBspgthRf5Rnz3192WG19RrNXYpump
[2025-06-04T08:13:36.846Z] [WATCHLIST] 📥 Squishy | Age: 6s | MC: $688 | Holders: 5 | ByiHWzr9MTgsZC6kfETtvnzhKdwC4neWN9gWPYkzpump
[2025-06-04T08:13:36.850Z] [WATCHLIST] 📥 COC | Age: 5s | MC: $1500 | Holders: 5 | 9wnXmWGHygidhYrB8Ao7Dj7Z5BMXVCyWLLYJPQgGpump
[2025-06-04T08:14:36.862Z] [WATCHLIST] 📥 まる | Age: 13s | MC: $932 | Holders: 3 | 4MKmVY3vZbxPSW8zpv5bVtembYumYghYoyYXidxypump
[2025-06-04T08:14:36.865Z] [WATCHLIST] 📥 Squishy | Age: 5s | MC: $1200 | Holders: 5 | 79JXM15yoJZmmgKKZihMpWXu1EseG3U8YZkChZErpump
[2025-06-04T08:14:36.867Z] [WATCHLIST] 📥 LAGOGO | Age: 5s | MC: $326 | Holders: 2 | EYyVLbQ2an9rYeeMAxsJbdPciZRGjt7v5xucJjY4pump
[2025-06-04T08:14:36.870Z] [WATCHLIST] 📥 RedBull | Age: 2s | MC: $366 | Holders: 2 | CeEdffA6EU3MUrcyoDNzJwD9ssxJYjkh4LupLycHpump
[2025-06-04T08:14:36.871Z] [WATCHLIST] 📥 ponder | Age: 0s | MC: $512 | Holders: 5 | 3D84obqR8SrRjDwFpZb22mtcr5dNPshAP59dqhiGpump
[2025-06-04T08:15:36.880Z] [WATCHLIST] 📥 BURGER | Age: 22s | MC: $385 | Holders: 2 | FtDpv82N1sVTbqi3KkUiNAVFJTbZvTvZrttUfYJ8pump
[2025-06-04T08:15:36.885Z] [WATCHLIST] 📥 LMY | Age: 22s | MC: $263 | Holders: 0 | 6ivU9Wk2zuSc7Gy9j3HeVNF46aLJsVts6FcYAETHpump
[2025-06-04T08:15:36.896Z] [WATCHLIST] 📥 hamsteroid | Age: 5s | MC: $1100 | Holders: 9 | H3UWTe3LoG5KsHutMMgmPNJDxxXt6jLNvjkjRFZp2wFe
[2025-06-04T08:15:36.889Z] [WATCHLIST] 📥 Ditology | Age: 20s | MC: $3700 | Holders: 92 | yqTCEi78YfqkMiYgBana3m3ZHeRCmTTbJCGvRAdpump
[2025-06-04T08:15:36.894Z] [WATCHLIST] 📥 IPO | Age: 10s | MC: $697 | Holders: 1 | 5vFjMu6dN4Qwuk12zGWo89Fqg9HT6XaS1JeA9Yhcpump
[2025-06-04T08:16:36.853Z] [WATCHLIST] 📥 JBCLONE | Age: 34s | MC: $864 | Holders: 3 | Hkse8ZpaA52w7XmgqRDhUFy5eEwd1VXzwrpvPkC5pump
[2025-06-04T08:16:36.855Z] [WATCHLIST] 📥 JM | Age: 26s | MC: $352 | Holders: 3 | 7kjfmnU5JwYWGT8f6vxpRfAdWcd35B6XCAWYG5bQpump
[2025-06-04T08:16:36.857Z] [WATCHLIST] 📥 NPC | Age: 17s | MC: $1100 | Holders: 4 | GzCqhsFSSwEjijM9mebvTHpZHdFTwPik6EVwuhFrpump
[2025-06-04T08:16:36.859Z] [WATCHLIST] 📥 FartSearch | Age: 16s | MC: $407 | Holders: 5 | Gfo1DsKVu8S18wYUXpoQsMrr2rt9CARr1cEw56GLpump
[2025-06-04T08:16:36.860Z] [WATCHLIST] 📥 $wampface | Age: 10s | MC: $1900 | Holders: 6 | 6haBHVLhecdrGVPoQAbHSPXR2t3zRSMkAL2jAdPpump
[2025-06-04T08:17:36.871Z] [WATCHLIST] 📥 SLS | Age: 9s | MC: $504 | Holders: 1 | 9bi6FNC8KtriWmzkvkNa5keHHRDeKM3F7WjZFeHNpump
[2025-06-04T08:17:36.876Z] [WATCHLIST] 📥 ur making | Age: 7s | MC: $716 | Holders: 2 | B8hg9R64WQRSezXimqzWnY8Wksm1566EGVLthSmzpump
[2025-06-04T08:17:36.880Z] [WATCHLIST] 📥 FIasdOG | Age: 7s | MC: $1800 | Holders: 2 | Bt9o5jZXBrF7xWNxG86JVbktph3iRypCXjPjFdWDpump
[2025-06-04T08:17:36.885Z] [WATCHLIST] 📥 CapyPapi | Age: 0s | MC: $405 | Holders: 3 | HQcfbZbSzDmvzAeyGuX14LYom7WiTLK13uBhtroZpump
[2025-06-04T08:17:36.891Z] [WATCHLIST] 📥 wampface | Age: 0s | MC: $390 | Holders: 2 | 2kr7s52bYBheMrmu6n6C1dM7UC1BapJUoL9zRg4ThNpG
[2025-06-04T08:18:36.854Z] [WATCHLIST] 📥 wampface | Age: 18s | MC: $3300 | Holders: 17 | 5cwR9zY3yt2rQCoTcpzXQXgjGjADop9LpxMzUgMvpump
[2025-06-04T08:18:36.856Z] [WATCHLIST] 📥 HELLCAT | Age: 13s | MC: $899 | Holders: 6 | GmmyUV6eHUP3VZsAgsaSYKBfo4RiEmUVuJtUhhdVpump
[2025-06-04T08:18:36.862Z] [WATCHLIST] 📥 nigga are | Age: 0s | MC: $379 | Holders: 3 | AkPi6LfzTUeg8Fux9djvrWwXQ1KhMJFMETMGuGxjpump
[2025-06-04T08:18:36.858Z] [WATCHLIST] 📥 RatKing | Age: 11s | MC: $0 | Holders: 0 | HxL9iyxPSXSgTn93ZCPmB3GjtysLc6hdHvgGH4ynpump
[2025-06-04T08:18:36.860Z] [WATCHLIST] 📥 Grum | Age: 0s | MC: $622 | Holders: 9 | 5vPp5NPnPUqm9XDWE8x48siryXi2gMhdj4WbT1vBpump
[2025-06-04T08:19:36.899Z] [WATCHLIST] 📥 token | Age: 14s | MC: $2900 | Holders: 17 | FFBNH1df7YowbEi4nxeGeHdfwaeBRp1tVrnHU4Xfpump
[2025-06-04T08:19:36.907Z] [WATCHLIST] 📥 THUMBASS | Age: 9s | MC: $2000 | Holders: 24 | Hkzy9kRpkkDPpcXRfy8HbZX8BvzUtoaoKF6fuKdwpump
[2025-06-04T08:19:36.911Z] [WATCHLIST] 📥 Buzzcut | Age: 8s | MC: $546 | Holders: 2 | 2PXRBsSSAst6kpkQptsTgyXRBN9EoGhcBsUwA7kCpump
[2025-06-04T08:19:36.917Z] [WATCHLIST] 📥 wampface | Age: 4s | MC: $479 | Holders: 4 | HNBvTi4JEsfqPXFFZk7fFqo5BLeBmmXCsVQ1iSbdpump
[2025-06-04T08:19:36.923Z] [WATCHLIST] 📥 PYT | Age: 0s | MC: $0 | Holders: 0 | BMeNP9AZ7qQDYrFQWxu3sfPyUZ83J3krdbrkAbTqpump
[2025-06-04T08:20:36.909Z] [WATCHLIST] 📥 wampface | Age: 19s | MC: $759 | Holders: 1 | EvLwijQkBF21rpgsfM27fiuKaZ2zQS43jLxMuWdCHrWZ
[2025-06-04T08:20:36.891Z] [WATCHLIST] 📥 DITO | Age: 57m | MC: $1.2 | Holders: 16 | 5H3teTHzdQFfGPFi6yKnWXFhg13wsES8AsFzkNz6pump-graduated
[2025-06-04T08:20:36.914Z] [WATCHLIST] 📥 BuzzCut | Age: 2s | MC: $557 | Holders: 4 | CnRdZHKY5yddYrBQTq46nteDRjuJN1WibwTF4vQApump
[2025-06-04T08:20:36.903Z] [WATCHLIST] 📥 accent | Age: 20s | MC: $344 | Holders: 2 | 8pWsYCvvRJvpTjDdbDyRyYBdqjMpzpfqWtDBJYMTpump
[2025-06-04T08:20:36.917Z] [WATCHLIST] 📥 $wampface | Age: 0s | MC: $374 | Holders: 2 | FfkyTk3u18pV2eqtgCcTdATGL5HBeHiSPaFWFM6mpump
[2025-06-04T08:20:36.912Z] [WATCHLIST] 📥 Swampface | Age: 17s | MC: $1500 | Holders: 4 | h4yjrGpENn4VbUPgMvvVkmuSK1iy8V8UEyFnT5Gpump
[2025-06-04T08:21:36.881Z] [WATCHLIST] 📥 Mofusand | Age: 24s | MC: $32600 | Holders: 3 | e5xCWvncmrAqAFUBxVFYHr9pG1T1CbT58KGLLeXpump-graduated
[2025-06-04T08:21:36.890Z] [WATCHLIST] 📥 SWOLE | Age: 12h | MC: $92100 | Holders: 605 | HVtCsbFxn8GBc7gc7M8JmpoTd3AbkpLgtzCecvaHpump-aboutToGraduate
[2025-06-04T08:21:36.895Z] [WATCHLIST] 📥 PUMP | Age: 4s | MC: $415 | Holders: 2 | B1vsc18bmezHaeie5uDtgHLjisVZjNCVCdTC8sDzpump
[2025-06-04T08:21:36.902Z] [WATCHLIST] 📥 SUN | Age: 4s | MC: $1200 | Holders: 7 | 7WDR5gjZGd2ciczWT7uNeKhavQraaMYicjPzTjxcpump
[2025-06-04T08:21:36.904Z] [WATCHLIST] 📥 MABA | Age: 4s | MC: $155 | Holders: 1 | EQkFgVLYF2T8sScXzDtZ3JvkJuj5DKRHsgaraMmEpump
[2025-06-04T08:21:36.906Z] [WATCHLIST] 📥 capypapi | Age: 2s | MC: $951 | Holders: 5 | EPr2TbTeMjxKhJk7rCUGVibiKrNRd2WgDZkQoporpump
[2025-06-04T08:21:36.909Z] [WATCHLIST] 📥 FRANK | Age: 0s | MC: $608 | Holders: 6 | 9RbCZAz65XY1ECHYZXNEP6ZmiaWApY2yF3FZRx9Kpump
[2025-06-04T08:22:36.901Z] [WATCHLIST] 📥 Solana | Age: 8s | MC: $246 | Holders: 3 | JDmgkEREvWRn74wwZr65XvtfHCAcamNMxan9MFUipump
[2025-06-04T08:22:36.905Z] [WATCHLIST] 📥 CryptoCatC | Age: 6s | MC: $576 | Holders: 4 | 6opJSE7ZYMuRdmuQSwEeus5FtkgAZEFFMwyzzqoPpump
[2025-06-04T08:22:36.909Z] [WATCHLIST] 📥 orcat | Age: 5s | MC: $529 | Holders: 6 | 8jpp9FYtZtMmjfQqBKysSXZYpyqGjsifyZaTDtpApump
[2025-06-04T08:22:36.911Z] [WATCHLIST] 📥 THUMP | Age: 2s | MC: $1000 | Holders: 5 | 2c6YXXMSfP8YFGkqJKfWDdNZDQ4vq3D8bmLosk88pump
[2025-06-04T08:22:36.914Z] [WATCHLIST] 📥 $wampface | Age: 0s | MC: $549 | Holders: 2 | 8ugxEG2pLd6ffCDY1GUiY89qq4UoNWCVgaDnjtKCpump
[2025-06-04T08:24:36.649Z] [WATCHLIST] 📥 Rock | Age: 1s | MC: $12700 | Holders: 106 | HrrvL1UG6Dox9KF1NyJtxmww5UJanijwxrrg44NoWV1Q-aboutToGraduate
[2025-06-04T08:24:36.653Z] [WATCHLIST] 📥 Mochi | Age: 1s | MC: $10200 | Holders: 68 | 8NJqsGsjWKnL48FzXWZikf84e3BS5QVAzZ1spoxspump-aboutToGraduate
[2025-06-04T08:24:36.657Z] [WATCHLIST] 📥 BrTh | Age: 10s | MC: $7500 | Holders: 7 | EcWemzstsGyToKdw1gs5mS4FS9qw7sif7W2h6tPGpump
[2025-06-04T08:24:36.659Z] [WATCHLIST] 📥 RGM | Age: 10s | MC: $453 | Holders: 1 | HV4cAghUi7WhREmy3vZSvB5AeaRvQUyibqFX1V4Gpump
[2025-06-04T08:24:36.661Z] [WATCHLIST] 📥 Porkemon | Age: 10s | MC: $705 | Holders: 5 | 7nZJA85sv1RupTo3DvtjaS6w5VmHW1DSMrH81i3Vpump
[2025-06-04T08:24:36.663Z] [WATCHLIST] 📥 AI | Age: 10s | MC: $3000 | Holders: 5 | 6sihVYzPAxcXC2VZWKzE2ZQC8gxT4rze7nPA5FDXWwGF
[2025-06-04T08:24:36.666Z] [WATCHLIST] 📥 Cassh | Age: 12s | MC: $3300 | Holders: 5 | AzLUVu1Wd1Rz7LRR6XwQEqWvjRaxXiawRExwzDbrpump
[2025-06-04T08:24:36.668Z] [WATCHLIST] 📥 Nasicampur | Age: 15s | MC: $243 | Holders: 2 | DC6UP9GjszgRosbayhZCJ3T8hgmgi9picMwwQ7U5pump
[2025-06-04T08:24:36.670Z] [WATCHLIST] 📥 bobcat | Age: 16s | MC: $1100 | Holders: 8 | 4sKF4sS4uZpWcu4apWovSuxKd3EnMH4UgnWDwWMApump
[2025-06-04T08:24:36.672Z] [WATCHLIST] 📥 Ditology | Age: 38s | MC: $665600 | Holders: 35 | 2Tq152bvoA8MHtEivpRGmERSUyNhBwrJwixQoNN6pump-graduated
[2025-06-04T08:24:36.674Z] [WATCHLIST] 📥 PUMP | Age: 43s | MC: $1.2 | Holders: 1 | 5dnMu3EaJJ8DVPpffbzRtV2C7hSij8mVUujk1yZspump-graduated
[2025-06-04T08:24:36.655Z] [WATCHLIST] 📥 Navy seal | Age: 9s | MC: $460 | Holders: 1 | bkfTmWomA9aCwoCRHTNK4qRi71H5h7xn3RNjLqbpump
[2025-06-04T08:25:36.643Z] [WATCHLIST] 📥 Molang | Age: 0s | MC: $444 | Holders: 3 | DXfYNoaa6pWovuMHyHiXMwrxzx1jZVnfnn3CKMHtpump
[2025-06-04T08:25:36.646Z] [WATCHLIST] 📥 BÁNHMÌ | Age: 14s | MC: $409 | Holders: 1 | DPLB8LH1Nov4q9AGvDcjYQSvZYMWaW66sgja1F1tpump
[2025-06-04T08:25:36.649Z] [WATCHLIST] 📥 ROCK | Age: 24s | MC: $288 | Holders: 4 | 6ZyWrMMZN6U1kwD4g6SN7jNafpWoh7grGQfhLWrpump
[2025-06-04T08:25:36.662Z] [WATCHLIST] 📥 ana | Age: 26s | MC: $311 | Holders: 3 | HinJUd5W9zwSnubd2k4NvZAb8YfMbokc3JTUNkwYpump
[2025-06-04T08:25:36.665Z] [WATCHLIST] 📥 MNDH | Age: 30s | MC: $6500 | Holders: 10 | 53AxdFdGbrYzuCdLbgMttxiKpFUzkAFa19xZFsQepump
[2025-06-04T08:26:36.656Z] [WATCHLIST] 📥 Cigar | Age: 15s | MC: $314 | Holders: 1 | 7TfiWJCALAhXs1o7LchDcyCvV9rjX4Co79EJB2H1pump
[2025-06-04T08:26:36.660Z] [WATCHLIST] 📥 jou | Age: 17s | MC: $144 | Holders: 1 | 8d1ges8jzfAJEpNVBWuBW4wGCmdxBbgGKF1ZrtWUpump
[2025-06-04T08:26:36.663Z] [WATCHLIST] 📥 INSURANCE | Age: 25s | MC: $537 | Holders: 3 | CeUHZr4oUeQ15gTsSiCh4yj5waLH68yRALdWWpBDpump
[2025-06-04T08:26:36.666Z] [WATCHLIST] 📥 LQMC | Age: 27s | MC: $1700 | Holders: 5 | FN83UgLJnZrUELfCU6pU6TGuyHkNBh1YkPx4LqaLpump
[2025-06-04T08:26:36.668Z] [WATCHLIST] 📥 Hare | Age: 33s | MC: $1800 | Holders: 9 | 4gN5usGdg8Y8dxoj5w3MDxJ4rtW6xgsq6gnvGXNcpump
[2025-06-04T08:27:36.673Z] [WATCHLIST] 📥 TEDDY | Age: 0s | MC: $0 | Holders: 0 | Az7q4jMx8mPfWxoj7ncibQfy5L35Coxso9MmgfKFpump
[2025-06-04T08:27:36.682Z] [WATCHLIST] 📥 POTUS | Age: 3s | MC: $637 | Holders: 1 | A73NHS4oZY7c92N6NeNHNzLvGADRtWZFQrwCGjB9pump
[2025-06-04T08:27:36.688Z] [WATCHLIST] 📥 ECOFY | Age: 6s | MC: $0 | Holders: 0 | ABz9eywNJBnUfXJ7EnPr3h15dTuL5MwFbr1xayGc3VN6
[2025-06-04T08:27:36.697Z] [WATCHLIST] 📥 STC | Age: 8s | MC: $474 | Holders: 4 | Gtmdcn1pnM7fvUh1rBL79EXbYrPPdjsfbotcJvcnpump
[2025-06-04T08:27:36.700Z] [WATCHLIST] 📥 GlobalRun | Age: 12s | MC: $1900 | Holders: 7 | 3LrRy6CwguJ9dt8zRHFjU8Vz2GRsDuvMcamvvMmdpump
[2025-06-04T08:28:36.932Z] [WATCHLIST] 📥 MAKE MONEY | Age: 5s | MC: $377 | Holders: 1 | GPhZPEcrqtx6gaJowgfLuPoYjNbx6DGVyK8NGRzSpump
[2025-06-04T08:28:36.940Z] [WATCHLIST] 📥 Gabriel | Age: 9s | MC: $720 | Holders: 1 | 9n6QN53WJz8r1eHrPsnDdMSUL8zdxY64n3X359GCpump
[2025-06-04T08:28:36.945Z] [WATCHLIST] 📥 TEDDY | Age: 9s | MC: $1000 | Holders: 2 | 5uW8wR46mgAzbfZFvFTRc141CgVsQSKY2ov1oJ3opump
[2025-06-04T08:28:36.951Z] [WATCHLIST] 📥 Green | Age: 14s | MC: $426 | Holders: 2 | 5doARqZrGGhRZsb8Jw9n1PjVhZjsuxJuQxVPzxyFpump
[2025-06-04T08:28:36.959Z] [WATCHLIST] 📥 Grilla | Age: 19s | MC: $2000 | Holders: 9 | 6uoj4vR6EXFCxWxN2kq1mZZBB5MvwCVX3AEKyL24pump
[2025-06-04T08:29:36.957Z] [WATCHLIST] 📥 FYP | Age: 0s | MC: $1300 | Holders: 9 | 4qWA9rtyfnB4QQ6MNKUmDvwF7FUFbv459BUsQeBrpump
[2025-06-04T08:29:36.965Z] [WATCHLIST] 📥 GRADIENT | Age: 9s | MC: $1800 | Holders: 3 | 5G8PST2eufhgxJ46n459uPgY1xjjtog5h8EadA1wpump
[2025-06-04T08:29:36.984Z] [WATCHLIST] 📥 corndog | Age: 17s | MC: $1500 | Holders: 8 | 3kKD2voZD829yVmhJaVHSNf8yZA5MrkmymFYumxeX7no
[2025-06-04T08:29:36.971Z] [WATCHLIST] 📥 Juju | Age: 10s | MC: $732 | Holders: 1 | Ag61Le6JuTtP5mXhvXqV5BydZiU6gESHiZ8C25zbpump
[2025-06-04T08:29:36.976Z] [WATCHLIST] 📥 WYD | Age: 14s | MC: $8300 | Holders: 19 | 38Q8YdKAsWe8iozF6wqXeqz1Ev8sTH4mu86c3Daxpump
[2025-06-04T08:30:36.970Z] [WATCHLIST] 📥 TEDDY | Age: 5s | MC: $2200 | Holders: 3 | BG52qTk4qkNLMshpFsLxRJ2pYG8gTKAnf4sM1Scdpump
[2025-06-04T08:30:36.977Z] [WATCHLIST] 📥 porkemon | Age: 8s | MC: $4500 | Holders: 12 | 2rb7msPqxCdny6J5ud1WPrXzJJELafSkN7p6NNRppump
[2025-06-04T08:30:36.984Z] [WATCHLIST] 📥 NO | Age: 10s | MC: $528 | Holders: 4 | EJvSjToB65CXu623iYBHboPmuoBmrYuX5pKBtim5pump
[2025-06-04T08:30:36.990Z] [WATCHLIST] 📥 FURIE | Age: 15s | MC: $393 | Holders: 2 | J53HYFxiMHr9YQGRistNeLs2gz7uF3Z4hr6ZqzBpump
[2025-06-04T08:30:36.998Z] [WATCHLIST] 📥 FYP | Age: 27s | MC: $663 | Holders: 1 | tAAmqAbma2GLJK4zNNNNq9LZQMFwtPqhWJFqWsSpump
[2025-06-04T08:31:36.957Z] [WATCHLIST] 📥 BRN | Age: 5s | MC: $429 | Holders: 2 | 3JZadvzizJ32YQJtXBegU4RnWe9Mcf5xT1r9pWACpump
[2025-06-04T08:31:36.964Z] [WATCHLIST] 📥 STC | Age: 7s | MC: $2400 | Holders: 8 | HpPQkZUCSgL8NxwGgNtX7Q999vUpwV3upTMmMdWipump
[2025-06-04T08:31:36.988Z] [WATCHLIST] 📥 Punishment | Age: 12s | MC: $312 | Holders: 1 | GvVpxTAdAiEGupcL4ozbco5WXnxwRWq5QrQ2iuYtpump
[2025-06-04T08:31:36.991Z] [WATCHLIST] 📥 TRUTH | Age: 14s | MC: $16200 | Holders: 4 | FVre7RHXCWd2ek66D2VNWRtRfCiFL2jFnK2f9B8Tpump-graduated
[2025-06-04T08:31:36.973Z] [WATCHLIST] 📥 FUNGI | Age: 9s | MC: $570 | Holders: 2 | UTqcsV6MHKR3k15FVtrnjQFrwfuCALeuFEGXRoZpump
[2025-06-04T08:31:36.980Z] [WATCHLIST] 📥 VEGGIES | Age: 12s | MC: $1100 | Holders: 3 | EbBNHmopANUui8oezgtNDZKgAjwfwCje9yQLk9NUpump
[2025-06-04T08:32:36.970Z] [WATCHLIST] 📥 SAM | Age: 0s | MC: $330 | Holders: 3 | HKrbrUEyTQugqEpb3t5Ke18gvaRW4BuomZTME6zApump
[2025-06-04T08:32:36.970Z] [WATCHLIST] 📥 PKCAME | Age: 3s | MC: $557 | Holders: 3 | F7uUPBjfnikevYBSwhppHSaRw47mmMiUwfM4HZKKPUmP
[2025-06-04T08:32:36.982Z] [WATCHLIST] 📥 rastarat | Age: 16s | MC: $1300 | Holders: 5 | GuWfibRVEwx1HrtzDswGzFkgeAbCv7siKSQhUgWvpump
[2025-06-04T08:32:36.973Z] [WATCHLIST] 📥 EM&EM | Age: 6s | MC: $2400 | Holders: 15 | AHrt8YvDPeCA11Ek2M6x2yXpNB1ogqoZ1XoGfbSLpump
[2025-06-04T08:32:36.977Z] [WATCHLIST] 📥 Birds | Age: 7s | MC: $590 | Holders: 2 | f1VFR9CAkZWRBoKXgSieSqgT4KcqzJSPV8yKzzqpump
[2025-06-04T08:33:36.975Z] [WATCHLIST] 📥 GM | Age: 10s | MC: $362 | Holders: 1 | Aee8MAoLoJz22CkBiQD3xEYHb6FaBT7mTo7wAds2pump
[2025-06-04T08:33:36.982Z] [WATCHLIST] 📥 TGR | Age: 14s | MC: $2200 | Holders: 3 | HMov9Q3VQ6G5YbdY3SMxp8yyfm5yDoYc6xVULNRapump
[2025-06-04T08:33:36.989Z] [WATCHLIST] 📥 Wapiti | Age: 17s | MC: $1600 | Holders: 2 | 2ySMvRVavDFFkANhXYTBLVYmxQu56VJZqcUrCoAGpump
[2025-06-04T08:33:37.026Z] [WATCHLIST] 📥 CHEESEDAY | Age: 23s | MC: $344 | Holders: 2 | CtUQVdUCLZ9aFoXhq8hxSKKjs51twQ9eHW9vAHpwpump
[2025-06-04T08:33:37.033Z] [WATCHLIST] 📥 Cummunist | Age: 27s | MC: $4200 | Holders: 23 | AzSoT5hSpyTynbKBuKo9y4HaQdDG4YMkAqN4NXQRpump
[2025-06-04T08:34:36.983Z] [WATCHLIST] 📥 HOT.FUN | Age: 0s | MC: $573 | Holders: 2 | Qs6r5UQVtTK6dyJ8LoCMbsBiCkrZmQbvchtqutJpump
[2025-06-04T08:34:36.986Z] [WATCHLIST] 📥 H9 | Age: 2s | MC: $524 | Holders: 2 | JChJPjwFA9MQic3hWDUssFNyJzMnhLdDHCnc2Q1rdi92
[2025-06-04T08:34:36.999Z] [WATCHLIST] 📥 BALLS | Age: 20s | MC: $2500 | Holders: 15 | twacGCUJyciKKS22H1PgCiokJhghDFeBsGGouT9pump
[2025-06-04T08:34:36.988Z] [WATCHLIST] 📥  | Age: 3s | MC: $481 | Holders: 2 | 4gmEocUdQtZDZNgaRpkQSodK7sBSfziycoJEKVbKpump
[2025-06-04T08:34:36.997Z] [WATCHLIST] 📥 WAT | Age: 13s | MC: $379 | Holders: 3 | F4Q3zw1kFQAAvnPpdpwTDHEf5FQSehM5wnv6ETUgpump
[2025-06-04T08:35:35.353Z] [SYSTEM] 🚀 Moonshot Trader starting...
[2025-06-04T08:35:35.515Z] [SYSTEM] 🌐 Server listening on port 4000
[2025-06-04T08:35:36.732Z] [WATCHLIST] 📥 Smiley | Age: 45s | MC: $439 | Holders: 1 | DHpMsfEXkYUEFUuo6W4cJi9Ftb4wnVTzjYd97vxXpump
[2025-06-04T08:35:36.748Z] [WATCHLIST] 📥 wallahi | Age: 56s | MC: $832 | Holders: 2 | 4RgmtvVRrYAhDkFHU7f7qfBxDxtPU4qY7L7a57Z6pump
[2025-06-04T08:35:36.768Z] [WATCHLIST] 📥 H9 | Age: 102s | MC: $524 | Holders: 2 | JChJPjwFA9MQic3hWDUssFNyJzMnhLdDHCnc2Q1rdi92
[2025-06-04T08:35:36.777Z] [WATCHLIST] 📥  | Age: 103s | MC: $481 | Holders: 2 | 4gmEocUdQtZDZNgaRpkQSodK7sBSfziycoJEKVbKpump
[2025-06-04T08:35:36.781Z] [WATCHLIST] 📥 WAT | Age: 113s | MC: $379 | Holders: 3 | F4Q3zw1kFQAAvnPpdpwTDHEf5FQSehM5wnv6ETUgpump
[2025-06-04T08:35:36.783Z] [WATCHLIST] 📥 BALLS | Age: 120s | MC: $2500 | Holders: 15 | twacGCUJyciKKS22H1PgCiokJhghDFeBsGGouT9pump
[2025-06-04T08:35:36.785Z] [WATCHLIST] 📥 GM | Age: 170s | MC: $362 | Holders: 1 | Aee8MAoLoJz22CkBiQD3xEYHb6FaBT7mTo7wAds2pump
[2025-06-04T08:35:36.787Z] [WATCHLIST] 📥 TGR | Age: 174s | MC: $2200 | Holders: 3 | HMov9Q3VQ6G5YbdY3SMxp8yyfm5yDoYc6xVULNRapump
[2025-06-04T08:35:36.790Z] [WATCHLIST] 📥 Wapiti | Age: 177s | MC: $1600 | Holders: 2 | 2ySMvRVavDFFkANhXYTBLVYmxQu56VJZqcUrCoAGpump
[2025-06-04T08:35:36.738Z] [WATCHLIST] 📥 THUMP | Age: 51s | MC: $2500 | Holders: 44 | yxT7QeQ7QMimUo69D7qXyZrDRYKjhrqzexLJhJ5pump
[2025-06-04T08:35:36.743Z] [WATCHLIST] 📥 MDHH | Age: 55s | MC: $280 | Holders: 2 | 6wpBvpFuCYL8nHe7fmBk7Fn3VSAAQThYyXAro2hXpump
[2025-06-04T08:35:36.760Z] [WATCHLIST] 📥 HOT.FUN | Age: 100s | MC: $573 | Holders: 2 | Qs6r5UQVtTK6dyJ8LoCMbsBiCkrZmQbvchtqutJpump
[2025-06-04T10:43:43.749Z] [SYSTEM] 🚀 Moonshot Trader starting...
[2025-06-04T10:43:43.865Z] [ERROR] ❌ Failed to track Smiley: fetchLiveData is not a function
[2025-06-04T10:43:43.866Z] [ERROR] ❌ Failed to track THUMP: fetchLiveData is not a function
[2025-06-04T10:43:43.866Z] [ERROR] ❌ Failed to track MDHH: fetchLiveData is not a function
[2025-06-04T10:43:43.867Z] [ERROR] ❌ Failed to track wallahi: fetchLiveData is not a function
[2025-06-04T10:43:43.868Z] [ERROR] ❌ Failed to track HOT.FUN: fetchLiveData is not a function
[2025-06-04T10:43:43.868Z] [ERROR] ❌ Failed to track H9: fetchLiveData is not a function
[2025-06-04T10:43:43.868Z] [ERROR] ❌ Failed to track : fetchLiveData is not a function
[2025-06-04T10:43:43.869Z] [ERROR] ❌ Failed to track WAT: fetchLiveData is not a function
[2025-06-04T10:43:43.869Z] [ERROR] ❌ Failed to track BALLS: fetchLiveData is not a function
[2025-06-04T10:43:43.870Z] [ERROR] ❌ Failed to track GM: fetchLiveData is not a function
[2025-06-04T10:43:43.870Z] [ERROR] ❌ Failed to track TGR: fetchLiveData is not a function
[2025-06-04T10:43:43.871Z] [ERROR] ❌ Failed to track Wapiti: fetchLiveData is not a function
[2025-06-04T10:43:43.882Z] [SYSTEM] 🌐 Server listening on port 4000
[2025-06-04T10:43:45.404Z] [WATCHLIST] 📥 LED | Age: 48s | MC: $1600 | Holders: 6 | PUdGsjqnytEJUYCTiXy2cutC7YZ8bsxwTKTEFpPpump
[2025-06-04T10:43:45.407Z] [WATCHLIST] 📥 MEMEGRAVE | Age: 51s | MC: $816 | Holders: 2 | AuAAw8HxmhBHbsH3EMzt5TpbN8g52qrXu11DTWSfpump
[2025-06-04T10:43:45.411Z] [WATCHLIST] 📥 Hurricane | Age: 54s | MC: $396 | Holders: 1 | ArjfrGxXVSHWJEtCKy899GQgCcJtSCziuGyur1dWpump
[2025-06-04T10:43:45.413Z] [WATCHLIST] 📥 zzz | Age: 58s | MC: $722 | Holders: 1 | FghBQaRziJSvb8NB6Sxp8AMM4Fjn7cBeC39zM7QNpump
[2025-06-04T10:43:45.417Z] [WATCHLIST] 📥 ATR | Age: 58s | MC: $1000 | Holders: 1 | Bawnq1qo5YJzoDz4yfkQXCVhrGZaiRnhEAV5YTnfpump
[2025-06-04T10:43:45.420Z] [WATCHLIST] 📥 sov/acc | Age: 111s | MC: $472 | Holders: 2 | AagHgASxFLeBrTyVM2p8Hi1Aud7XphS3RKwiaYfypump
[2025-06-04T10:43:45.422Z] [WATCHLIST] 📥 pussy | Age: 112s | MC: $316 | Holders: 1 | 3Yp7scSRyVLKLRn8cph94HVBQE7asG7PLtGDekQ4pump
[2025-06-04T10:43:45.427Z] [WATCHLIST] 📥 DGM | Age: 116s | MC: $388 | Holders: 4 | APMS15qQnVfmDXVCmMCYR5cyVG6QTHYcSLPKws3opump
[2025-06-04T10:43:45.430Z] [WATCHLIST] 📥 10000 | Age: 117s | MC: $277 | Holders: 3 | 6DNjNgC4a8kMgEpNzxAjzqXj5z5Tm2Rxn6fay1ZYpump
[2025-06-04T10:44:43.875Z] [ERROR] ❌ Failed to track Smiley: fetchLiveData is not a function
[2025-06-04T10:44:43.877Z] [ERROR] ❌ Failed to track THUMP: fetchLiveData is not a function
[2025-06-04T10:44:43.878Z] [ERROR] ❌ Failed to track MDHH: fetchLiveData is not a function
[2025-06-04T10:44:43.879Z] [ERROR] ❌ Failed to track wallahi: fetchLiveData is not a function
[2025-06-04T10:44:43.880Z] [ERROR] ❌ Failed to track HOT.FUN: fetchLiveData is not a function
[2025-06-04T10:44:43.881Z] [ERROR] ❌ Failed to track H9: fetchLiveData is not a function
[2025-06-04T10:44:43.883Z] [ERROR] ❌ Failed to track : fetchLiveData is not a function
[2025-06-04T10:44:43.884Z] [ERROR] ❌ Failed to track WAT: fetchLiveData is not a function
[2025-06-04T10:44:43.885Z] [ERROR] ❌ Failed to track BALLS: fetchLiveData is not a function
[2025-06-04T10:44:43.886Z] [ERROR] ❌ Failed to track GM: fetchLiveData is not a function
[2025-06-04T10:44:43.887Z] [ERROR] ❌ Failed to track TGR: fetchLiveData is not a function
[2025-06-04T10:44:43.888Z] [ERROR] ❌ Failed to track Wapiti: fetchLiveData is not a function
[2025-06-04T10:44:44.920Z] [WATCHLIST] 📥 DNF | Age: 43s | MC: $593 | Holders: 2 | 46zTqky6WC3kNheEBByaWhEaKfJnUGrc1dB4nXuBpump
[2025-06-04T10:44:44.922Z] [WATCHLIST] 📥 Wheels | Age: 46s | MC: $1100 | Holders: 7 | FuPaFQTh9ddkHHKFUjFmSnHwggDgvZX4g6LpSZPmpump
[2025-06-04T10:44:44.925Z] [WATCHLIST] 📥 BUY | Age: 55s | MC: $737 | Holders: 4 | 4CpEaiyVdNVheNLfhsQZnWs7RnkmDxMTF4Wvg1kPpump
[2025-06-04T10:44:44.928Z] [WATCHLIST] 📥 scarf | Age: 59s | MC: $1600 | Holders: 7 | AqaR61WtZQrrAECntoe8e9n4wkUEomt4yUq5ttCCpump
[2025-06-04T10:45:55.208Z] [SYSTEM] 🚀 Moonshot Trader starting...
[2025-06-04T10:45:55.329Z] [ERROR] ❌ Failed to track LED: fetchLiveData is not a function
[2025-06-04T10:45:55.330Z] [ERROR] ❌ Failed to track MEMEGRAVE: fetchLiveData is not a function
[2025-06-04T10:45:55.330Z] [ERROR] ❌ Failed to track Hurricane: fetchLiveData is not a function
[2025-06-04T10:45:55.331Z] [ERROR] ❌ Failed to track zzz: fetchLiveData is not a function
[2025-06-04T10:45:55.332Z] [ERROR] ❌ Failed to track ATR: fetchLiveData is not a function
[2025-06-04T10:45:55.332Z] [ERROR] ❌ Failed to track sov/acc: fetchLiveData is not a function
[2025-06-04T10:45:55.333Z] [ERROR] ❌ Failed to track pussy: fetchLiveData is not a function
[2025-06-04T10:45:55.334Z] [ERROR] ❌ Failed to track DGM: fetchLiveData is not a function
[2025-06-04T10:45:55.334Z] [ERROR] ❌ Failed to track 10000: fetchLiveData is not a function
[2025-06-04T10:45:55.335Z] [ERROR] ❌ Failed to track DNF: fetchLiveData is not a function
[2025-06-04T10:45:55.336Z] [ERROR] ❌ Failed to track Wheels: fetchLiveData is not a function
[2025-06-04T10:45:55.336Z] [ERROR] ❌ Failed to track BUY: fetchLiveData is not a function
[2025-06-04T10:45:55.337Z] [ERROR] ❌ Failed to track scarf: fetchLiveData is not a function
[2025-06-04T10:45:55.347Z] [SYSTEM] 🌐 Server listening on port 4000
[2025-06-04T10:45:56.432Z] [WATCHLIST] 📥 CTO COIN | Age: 54s | MC: $275 | Holders: 1 | AkTR3NH1869Hyfjco22QW1RnkErBo5kmzjiEj8hHpump
[2025-06-04T10:45:56.438Z] [WATCHLIST] 📥 👍 | Age: 55s | MC: $353 | Holders: 3 | AS1Gm9ywqCafEhCnE77yEA9gGfYu6cu6NoRKE944pump
[2025-06-04T10:45:56.441Z] [WATCHLIST] 📥 BOND | Age: 55s | MC: $318 | Holders: 2 | 5LeufmtFLCtXXgwo1keUkw3n6AhYpNCxkuPqjxrupump
[2025-06-04T10:45:56.446Z] [WATCHLIST] 📥 XSTOP | Age: 57s | MC: $498 | Holders: 3 | J2ovF1CmwTYR7FuyoSjuandpaU7URJxpY8ENEKtppump
[2025-06-04T10:45:56.451Z] [WATCHLIST] 📥 HOODBOOM | Age: 57s | MC: $362 | Holders: 2 | 8A8vFYkk9tsYpmX1HXEvEWU29Y1tgKNn7BD5xqVdF5F7
[2025-06-04T10:45:56.455Z] [WATCHLIST] 📥 DNF | Age: 114s | MC: $593 | Holders: 2 | 46zTqky6WC3kNheEBByaWhEaKfJnUGrc1dB4nXuBpump
[2025-06-04T10:45:56.458Z] [WATCHLIST] 📥 Wheels | Age: 117s | MC: $1100 | Holders: 7 | FuPaFQTh9ddkHHKFUjFmSnHwggDgvZX4g6LpSZPmpump
[2025-06-04T10:45:56.461Z] [WATCHLIST] 📥 BUY | Age: 126s | MC: $737 | Holders: 4 | 4CpEaiyVdNVheNLfhsQZnWs7RnkmDxMTF4Wvg1kPpump
[2025-06-04T10:45:56.465Z] [WATCHLIST] 📥 scarf | Age: 130s | MC: $1600 | Holders: 7 | AqaR61WtZQrrAECntoe8e9n4wkUEomt4yUq5ttCCpump
[2025-06-04T10:46:55.356Z] [ERROR] ❌ Failed to track LED: fetchLiveData is not a function
[2025-06-04T10:46:55.356Z] [ERROR] ❌ Failed to track MEMEGRAVE: fetchLiveData is not a function
[2025-06-04T10:46:55.357Z] [ERROR] ❌ Failed to track Hurricane: fetchLiveData is not a function
[2025-06-04T10:46:55.357Z] [ERROR] ❌ Failed to track zzz: fetchLiveData is not a function
[2025-06-04T10:46:55.358Z] [ERROR] ❌ Failed to track ATR: fetchLiveData is not a function
[2025-06-04T10:46:55.358Z] [ERROR] ❌ Failed to track sov/acc: fetchLiveData is not a function
[2025-06-04T10:46:55.359Z] [ERROR] ❌ Failed to track pussy: fetchLiveData is not a function
[2025-06-04T10:46:55.359Z] [ERROR] ❌ Failed to track DGM: fetchLiveData is not a function
[2025-06-04T10:46:55.359Z] [ERROR] ❌ Failed to track 10000: fetchLiveData is not a function
[2025-06-04T10:46:55.360Z] [ERROR] ❌ Failed to track DNF: fetchLiveData is not a function
[2025-06-04T10:46:55.360Z] [ERROR] ❌ Failed to track Wheels: fetchLiveData is not a function
[2025-06-04T10:46:55.361Z] [ERROR] ❌ Failed to track BUY: fetchLiveData is not a function
[2025-06-04T10:46:55.361Z] [ERROR] ❌ Failed to track scarf: fetchLiveData is not a function
[2025-06-04T10:46:57.864Z] [WATCHLIST] 📥 TWST | Age: 57s | MC: $453 | Holders: 2 | ELf7aQ4D7W1nQTXjsf95MMUZ1XA8ndrmDEjAr679pump
[2025-06-04T10:46:57.873Z] [WATCHLIST] 📥 energycat | Age: 64s | MC: $618 | Holders: 3 | 2zLGShedSRG9GZBg6c54qemaawgmzLSoyMo4YsMNpump
[2025-06-04T10:46:57.876Z] [WATCHLIST] 📥 BEARY | Age: 83s | MC: $504 | Holders: 5 | 2W2zJQEhzko2rDbPLcBHCUMx3jTLrajxazj96Jzxpump
[2025-06-04T10:46:57.883Z] [WATCHLIST] 📥 gottya | Age: 84s | MC: $1900 | Holders: 6 | 67SRHnBmb1YZw1DCQTuZRM1ZVKaGgaY62YF5VUzw1xXZ
[2025-06-04T10:47:55.349Z] [ERROR] ❌ Failed to track LED: fetchLiveData is not a function
[2025-06-04T10:47:55.350Z] [ERROR] ❌ Failed to track MEMEGRAVE: fetchLiveData is not a function
[2025-06-04T10:47:55.350Z] [ERROR] ❌ Failed to track Hurricane: fetchLiveData is not a function
[2025-06-04T10:47:55.351Z] [ERROR] ❌ Failed to track zzz: fetchLiveData is not a function
[2025-06-04T10:47:55.352Z] [ERROR] ❌ Failed to track ATR: fetchLiveData is not a function
[2025-06-04T10:47:55.352Z] [ERROR] ❌ Failed to track sov/acc: fetchLiveData is not a function
[2025-06-04T10:47:55.353Z] [ERROR] ❌ Failed to track pussy: fetchLiveData is not a function
[2025-06-04T10:47:55.353Z] [ERROR] ❌ Failed to track DGM: fetchLiveData is not a function
[2025-06-04T10:47:55.354Z] [ERROR] ❌ Failed to track 10000: fetchLiveData is not a function
[2025-06-04T10:47:55.354Z] [ERROR] ❌ Failed to track DNF: fetchLiveData is not a function
[2025-06-04T10:47:55.355Z] [ERROR] ❌ Failed to track Wheels: fetchLiveData is not a function
[2025-06-04T10:47:55.359Z] [ERROR] ❌ Failed to track BUY: fetchLiveData is not a function
[2025-06-04T10:47:55.360Z] [ERROR] ❌ Failed to track scarf: fetchLiveData is not a function
[2025-06-04T10:47:56.848Z] [WATCHLIST] 📥 MSC | Age: 55s | MC: $274 | Holders: 2 | BoaACsNLKcNBdB1efTW8E5XySWeijZYkFMarfJ3opump
[2025-06-04T10:47:56.856Z] [WATCHLIST] 📥 ZOS | Age: 56s | MC: $517 | Holders: 3 | FVq6NtDFg9qZdENZkkxipKxUnxhcUuCdTEYCVRoZpump
[2025-06-04T10:47:56.864Z] [WATCHLIST] 📥 Cheesecoin | Age: 57s | MC: $825 | Holders: 4 | 6bekamKmmazKRtpDBQw29Y1AgMWwZkatky6aPZDqpump
[2025-06-04T10:47:56.868Z] [WATCHLIST] 📥 PITM | Age: 58s | MC: $1100 | Holders: 1 | 4dNRpzdvn1KoFRGGeKZESHabSEghAhCM5mp7QJrxuQGc
[2025-06-04T10:47:56.883Z] [WATCHLIST] 📥 balaclava | Age: 60s | MC: $1600 | Holders: 3 | CCtiEbFed5Vo3w26naCMmQRvAb45pWoZxr39zrWMpump
[2025-06-04T10:48:08.056Z] [SYSTEM] 🚀 Moonshot Trader starting...
[2025-06-04T10:48:08.172Z] [PUMPFUN] 🌐 Fetching: https://pump.fun/coin/AkTR3NH1869Hyfjco22QW1RnkErBo5kmzjiEj8hHpump
[2025-06-04T10:48:08.187Z] [SYSTEM] 🌐 Server listening on port 4000
[2025-06-04T10:48:11.165Z] [WATCHLIST] 📥 HG | Age: 14s | MC: $337 | Holders: 1 | CH29xYY6ikS8wPA5zq1QcNart9TseZCbLKn5effCihcL
[2025-06-04T10:48:11.168Z] [WATCHLIST] 📥 never | Age: 16s | MC: $350 | Holders: 3 | 92xbXT2MfYNDWqfzhckkTk1Cess4FoUHwSF8vsv6pump
[2025-06-04T10:48:11.179Z] [WATCHLIST] 📥 FULLRETARD | Age: 20s | MC: $1100 | Holders: 6 | ATxk6mSG28kEUUfp3Rju4bXedQzJj9JEhLdMCudTuo78
[2025-06-04T10:48:11.182Z] [WATCHLIST] 📥 censorship | Age: 20s | MC: $648 | Holders: 2 | HaojrRcCTdsPM534wqzWLW8L83hCMjdPS2BXrsEzpump
[2025-06-04T10:48:11.185Z] [WATCHLIST] 📥 Chirorun | Age: 30s | MC: $346 | Holders: 2 | AHAYXDxokAP9Dh5tfi8eAc5RaTZkNrfcTa6skF9Ppump
[2025-06-04T10:48:11.188Z] [WATCHLIST] 📥 MSC | Age: 69s | MC: $274 | Holders: 2 | BoaACsNLKcNBdB1efTW8E5XySWeijZYkFMarfJ3opump
[2025-06-04T10:48:11.190Z] [WATCHLIST] 📥 ZOS | Age: 70s | MC: $517 | Holders: 3 | FVq6NtDFg9qZdENZkkxipKxUnxhcUuCdTEYCVRoZpump
[2025-06-04T10:48:11.193Z] [WATCHLIST] 📥 Cheesecoin | Age: 71s | MC: $825 | Holders: 4 | 6bekamKmmazKRtpDBQw29Y1AgMWwZkatky6aPZDqpump
[2025-06-04T10:48:11.199Z] [WATCHLIST] 📥 PITM | Age: 72s | MC: $1100 | Holders: 1 | 4dNRpzdvn1KoFRGGeKZESHabSEghAhCM5mp7QJrxuQGc
[2025-06-04T10:48:11.202Z] [WATCHLIST] 📥 balaclava | Age: 74s | MC: $1600 | Holders: 3 | CCtiEbFed5Vo3w26naCMmQRvAb45pWoZxr39zrWMpump
[2025-06-04T10:48:11.207Z] [WATCHLIST] 📥 energycat | Age: 137s | MC: $618 | Holders: 3 | 2zLGShedSRG9GZBg6c54qemaawgmzLSoyMo4YsMNpump
[2025-06-04T10:48:11.209Z] [WATCHLIST] 📥 BEARY | Age: 156s | MC: $504 | Holders: 5 | 2W2zJQEhzko2rDbPLcBHCUMx3jTLrajxazj96Jzxpump
[2025-06-04T10:48:11.205Z] [WATCHLIST] 📥 TWST | Age: 130s | MC: $453 | Holders: 2 | ELf7aQ4D7W1nQTXjsf95MMUZ1XA8ndrmDEjAr679pump
[2025-06-04T10:48:11.245Z] [WATCHLIST] 📥 gottya | Age: 157s | MC: $1900 | Holders: 6 | 67SRHnBmb1YZw1DCQTuZRM1ZVKaGgaY62YF5VUzw1xXZ
[2025-06-04T10:48:46.596Z] [PUMPFUN] ⚠️ Modal skip failed for AkTR3NH1869Hyfjco22QW1RnkErBo5kmzjiEj8hHpump: Waiting for selector `button` failed: Waiting failed: 5000ms exceeded
[2025-06-04T10:48:51.966Z] [ERROR] ❌ Failed to track CTO COIN: Protocol error (Target.closeTarget): No target with given id found
[2025-06-04T10:48:51.967Z] [PUMPFUN] 🌐 Fetching: https://pump.fun/coin/AS1Gm9ywqCafEhCnE77yEA9gGfYu6cu6NoRKE944pump
[2025-06-04T10:49:05.356Z] [PUMPFUN] ⚠️ Modal skip failed for AS1Gm9ywqCafEhCnE77yEA9gGfYu6cu6NoRKE944pump: Waiting for selector `button` failed: Waiting failed: 5000ms exceeded
[2025-06-04T10:49:08.954Z] [PUMPFUN] 🌐 Fetching: https://pump.fun/coin/AkTR3NH1869Hyfjco22QW1RnkErBo5kmzjiEj8hHpump
[2025-06-04T10:49:10.059Z] [WATCHLIST] 📥 paw | Age: 8s | MC: $388 | Holders: 2 | 5JqV2MgLtHgaUrkyFywZRX9yWXSpR8miXgdpTjNapump
[2025-06-04T10:49:10.061Z] [WATCHLIST] 📥 MATE | Age: 10s | MC: $980 | Holders: 9 | 8ADPC7vtytYv9beP3zFEhix4deQwXD9q6f9P1okspump
[2025-06-04T10:49:10.062Z] [WATCHLIST] 📥 pond | Age: 13s | MC: $564 | Holders: 2 | DLtsjpGHrpotd9WDCoeYSqoX8Az7eS4YxKYGbK47pump
[2025-06-04T10:49:10.063Z] [WATCHLIST] 📥 BAG | Age: 14s | MC: $1300 | Holders: 1 | BwA7pwZ91Sgd9nrUQuCPzQNAqsnjfAXDfg39cMT5pump
[2025-06-04T10:49:12.304Z] [ERROR] ❌ Failed to track 👍: Protocol error (Target.closeTarget): No target with given id found
[2025-06-04T10:49:12.308Z] [PUMPFUN] 🌐 Fetching: https://pump.fun/coin/5LeufmtFLCtXXgwo1keUkw3n6AhYpNCxkuPqjxrupump
[2025-06-04T10:49:20.735Z] [PUMPFUN] ⚠️ Modal skip failed for AkTR3NH1869Hyfjco22QW1RnkErBo5kmzjiEj8hHpump: Waiting for selector `button` failed: Waiting failed: 5000ms exceeded
[2025-06-04T10:49:23.085Z] [PUMPFUN] ⚠️ Modal skip failed for 5LeufmtFLCtXXgwo1keUkw3n6AhYpNCxkuPqjxrupump: Waiting for selector `button` failed: Waiting failed: 5000ms exceeded
[2025-06-04T10:49:29.688Z] [PUMPFUN] 🌐 Fetching: https://pump.fun/coin/AS1Gm9ywqCafEhCnE77yEA9gGfYu6cu6NoRKE944pump
[2025-06-04T10:49:29.687Z] [ERROR] ❌ Failed to track CTO COIN: Protocol error (Target.closeTarget): No target with given id found
[2025-06-04T10:49:31.847Z] [ERROR] ❌ Failed to track BOND: Protocol error (Target.closeTarget): No target with given id found
[2025-06-04T10:49:31.848Z] [PUMPFUN] 🌐 Fetching: https://pump.fun/coin/J2ovF1CmwTYR7FuyoSjuandpaU7URJxpY8ENEKtppump
